c:\users\administrator\source\repos\project29\project29\x64\debug\vc143.pdb
c:\users\administrator\source\repos\project29\project29\x64\debug\vc143.idb
c:\users\administrator\source\repos\project29\project29\x64\debug\term_class.obj
c:\users\administrator\source\repos\project29\project29\x64\debug\source.obj
c:\users\administrator\source\repos\project29\project29\x64\debug\polynomial_class.obj
c:\users\administrator\source\repos\project29\project29\x64\debug\array_implementation.obj
c:\users\administrator\source\repos\project29\project29\x64\debug\array.obj
c:\users\administrator\source\repos\project29\x64\debug\project29.pdb
c:\users\administrator\source\repos\project29\project29\x64\debug\project29.tlog\cl.command.1.tlog
c:\users\administrator\source\repos\project29\project29\x64\debug\project29.tlog\cl.items.tlog
c:\users\administrator\source\repos\project29\project29\x64\debug\project29.tlog\cl.read.1.tlog
c:\users\administrator\source\repos\project29\project29\x64\debug\project29.tlog\cl.write.1.tlog
c:\users\administrator\source\repos\project29\project29\x64\debug\project29.tlog\link.11796-cvtres.read.1.tlog
c:\users\administrator\source\repos\project29\project29\x64\debug\project29.tlog\link.11796-cvtres.write.1.tlog
c:\users\administrator\source\repos\project29\project29\x64\debug\project29.tlog\link.11796-rc.read.1.tlog
c:\users\administrator\source\repos\project29\project29\x64\debug\project29.tlog\link.11796-rc.write.1.tlog
c:\users\administrator\source\repos\project29\project29\x64\debug\project29.tlog\link.11796.read.1.tlog
c:\users\administrator\source\repos\project29\project29\x64\debug\project29.tlog\link.11796.read.2.tlog
c:\users\administrator\source\repos\project29\project29\x64\debug\project29.tlog\link.11796.write.1.tlog
c:\users\administrator\source\repos\project29\project29\x64\debug\project29.tlog\link.command.1.tlog
c:\users\administrator\source\repos\project29\project29\x64\debug\project29.tlog\link.read.1.tlog
c:\users\administrator\source\repos\project29\project29\x64\debug\project29.tlog\link.write.1.tlog
